<?xml version="1.0" encoding="UTF-8"?>
<!-- Generated by org.testng.reporters.JUnitXMLReporter -->
<testsuite hostname="DESKTOP-621I84K" ignored="0" name="Default test" tests="4" failures="0" timestamp="21 Feb 2020 20:46:41 GMT" time="0.083" errors="0">
  <testcase name="aact" time="0.018" classname="stringlength.Democode"/>
  <testcase name="act" time="0.006" classname="stringlength.Democode"/>
  <testcase name="base" time="0.005" classname="stringlength.Democode"/>
  <testcase name="sdtfg" time="0.003" classname="stringlength.Democode"/>
</testsuite> <!-- Default test -->
