<?xml version="1.0" encoding="UTF-8"?>
<testng-results skipped="0" failed="0" ignored="0" total="4" passed="4">
  <reporter-output>
  </reporter-output>
  <suite name="Suite" duration-ms="213" started-at="2020-02-26T17:29:26Z" finished-at="2020-02-26T17:29:26Z">
    <groups>
    </groups>
    <test name="Test" duration-ms="213" started-at="2020-02-26T17:29:26Z" finished-at="2020-02-26T17:29:26Z">
      <class name="stringlength.Democode">
        <test-method status="PASS" signature="aact()[pri:-1, instance:stringlength.Democode@643b1d11]" name="aact" duration-ms="27" started-at="2020-02-26T17:29:26Z" finished-at="2020-02-26T17:29:26Z">
          <reporter-output>
          </reporter-output>
        </test-method> <!-- aact -->
        <test-method status="PASS" signature="act()[pri:0, instance:stringlength.Democode@643b1d11]" name="act" duration-ms="4" started-at="2020-02-26T17:29:26Z" finished-at="2020-02-26T17:29:26Z">
          <reporter-output>
          </reporter-output>
        </test-method> <!-- act -->
        <test-method status="PASS" signature="base()[pri:0, instance:stringlength.Democode@643b1d11]" name="base" duration-ms="13" started-at="2020-02-26T17:29:26Z" finished-at="2020-02-26T17:29:26Z">
          <reporter-output>
          </reporter-output>
        </test-method> <!-- base -->
        <test-method status="PASS" signature="sdtfg()[pri:0, instance:stringlength.Democode@643b1d11]" name="sdtfg" duration-ms="17" started-at="2020-02-26T17:29:26Z" finished-at="2020-02-26T17:29:26Z">
          <reporter-output>
          </reporter-output>
        </test-method> <!-- sdtfg -->
      </class> <!-- stringlength.Democode -->
    </test> <!-- Test -->
  </suite> <!-- Suite -->
</testng-results>
